faceLaugh/build/outputs/logs/manifest-merger-release-report.txt
-- Merging decision tree log ---
manifest
ADDED from src\main\AndroidManifest.xml:2:1-44:12
	package
		ADDED from src\main\AndroidManifest.xml:3:5-28
		INJECTED from src\main\AndroidManifest.xml
		INJECTED from src\main\AndroidManifest.xml
	android:versionName
		ADDED from src\main\AndroidManifest.xml:5:5-30
	android:versionCode
		ADDED from src\main\AndroidManifest.xml:4:5-28
		INJECTED from src\main\AndroidManifest.xml
		INJECTED from src\main\AndroidManifest.xml
	xmlns:android
		ADDED from src\main\AndroidManifest.xml:2:11-69
supports-screens
ADDED from src\main\AndroidManifest.xml:7:5-10:54
	android:largeScreens
		ADDED from src\main\AndroidManifest.xml:9:23-50
	android:smallScreens
		ADDED from src\main\AndroidManifest.xml:7:23-50
	android:normalScreens
		ADDED from src\main\AndroidManifest.xml:8:23-51
	android:xlargeScreens
		ADDED from src\main\AndroidManifest.xml:10:23-51
uses-permission#com.android.vending.BILLING
ADDED from src\main\AndroidManifest.xml:12:2-64
	android:name
		ADDED from src\main\AndroidManifest.xml:12:19-61
uses-permission#android.permission.INTERNET
ADDED from src\main\AndroidManifest.xml:13:2-63
	android:name
		ADDED from src\main\AndroidManifest.xml:13:19-61
uses-permission#android.permission.ACCESS_NETWORK_STATE
ADDED from src\main\AndroidManifest.xml:14:4-77
	android:name
		ADDED from src\main\AndroidManifest.xml:14:21-75
uses-sdk
ADDED from src\main\AndroidManifest.xml:16:5-18:41
MERGED from [FaceLaugh:androidsupportv7appcompat:unspecified] AndroidManifest.xml:20:5-22:40
MERGED from [FaceLaugh:baseGameUtils:unspecified] AndroidManifest.xml:22:5-24:41
MERGED from [FaceLaugh:googleplayservices_lib:unspecified] AndroidManifest.xml:23:5-25:40
	android:targetSdkVersion
		ADDED from src\main\AndroidManifest.xml:18:9-38
		INJECTED from src\main\AndroidManifest.xml
		INJECTED from src\main\AndroidManifest.xml
	android:minSdkVersion
		ADDED from src\main\AndroidManifest.xml:17:9-35
		INJECTED from src\main\AndroidManifest.xml
		INJECTED from src\main\AndroidManifest.xml
application
ADDED from src\main\AndroidManifest.xml:20:5-42:19
MERGED from [FaceLaugh:androidsupportv7appcompat:unspecified] AndroidManifest.xml:24:5-20
MERGED from [FaceLaugh:baseGameUtils:unspecified] AndroidManifest.xml:26:5-27:19
MERGED from [FaceLaugh:googleplayservices_lib:unspecified] AndroidManifest.xml:27:5-20
	android:label
		ADDED from src\main\AndroidManifest.xml:23:9-41
	android:allowBackup
		ADDED from src\main\AndroidManifest.xml:21:9-35
	android:icon
		ADDED from src\main\AndroidManifest.xml:22:9-45
	android:theme
		ADDED from src\main\AndroidManifest.xml:24:9-40
meta-data#com.google.android.gms.games.APP_ID
ADDED from src\main\AndroidManifest.xml:26:9-27:46
	android:value
		ADDED from src\main\AndroidManifest.xml:27:13-43
	android:name
		ADDED from src\main\AndroidManifest.xml:26:20-70
meta-data#com.google.android.gms.version
ADDED from src\main\AndroidManifest.xml:28:9-29:70
	android:value
		ADDED from src\main\AndroidManifest.xml:29:15-68
	android:name
		ADDED from src\main\AndroidManifest.xml:28:20-65
activity#com.babylaugh.BabyMain
ADDED from src\main\AndroidManifest.xml:31:9-41:20
	android:label
		ADDED from src\main\AndroidManifest.xml:34:13-45
	android:configChanges
		ADDED from src\main\AndroidManifest.xml:33:13-74
	android:theme
		ADDED from src\main\AndroidManifest.xml:35:13-51
	android:name
		ADDED from src\main\AndroidManifest.xml:32:13-50
intent-filter#android.intent.action.MAIN+android.intent.category.LAUNCHER
ADDED from src\main\AndroidManifest.xml:36:13-40:29
action#android.intent.action.MAIN
ADDED from src\main\AndroidManifest.xml:37:17-69
	android:name
		ADDED from src\main\AndroidManifest.xml:37:25-66
category#android.intent.category.LAUNCHER
ADDED from src\main\AndroidManifest.xml:39:17-77
	android:name
		ADDED from src\main\AndroidManifest.xml:39:27-74